<?xml version="1.0" encoding="UTF-8"?>
<robot generator="Robot 7.3.2 (Python 3.9.0 on win32)" generated="2025-08-17T16:20:50.855829" rpa="false" schemaversion="5">
<suite id="s1" name="Group Scenarios" source="C:\Users\AMD\PycharmProjects\python_training\rf\group_scenarios.robot">
<kw name="Init Fixtures" type="SETUP">
<msg time="2025-08-17T16:20:51.077816" level="FAIL">No keyword with name 'Init Fixtures' found. Did you mean:
    rf.AddressBook.Init Fixture</msg>
<status status="FAIL" start="2025-08-17T16:20:51.077816" elapsed="0.000000">No keyword with name 'Init Fixtures' found. Did you mean:
    rf.AddressBook.Init Fixture</status>
</kw>
<test id="s1-t1" name="Add_new_group" line="8">
<status status="FAIL" start="2025-08-17T16:20:51.077816" elapsed="0.000999">Parent suite setup failed:
No keyword with name 'Init Fixtures' found. Did you mean:
    rf.AddressBook.Init Fixture</status>
</test>
<test id="s1-t2" name="Delete group" line="16">
<status status="FAIL" start="2025-08-17T16:20:51.080818" elapsed="0.000000">Parent suite setup failed:
No keyword with name 'Init Fixtures' found. Did you mean:
    rf.AddressBook.Init Fixture</status>
</test>
<kw name="Destroy Fixtures" type="TEARDOWN">
<msg time="2025-08-17T16:20:51.085818" level="FAIL">No keyword with name 'Destroy Fixtures' found. Did you mean:
    rf.AddressBook.Destroy Fixture</msg>
<status status="FAIL" start="2025-08-17T16:20:51.084817" elapsed="0.001001">No keyword with name 'Destroy Fixtures' found. Did you mean:
    rf.AddressBook.Destroy Fixture</status>
</kw>
<status status="FAIL" start="2025-08-17T16:20:50.858818" elapsed="0.227000">Suite setup failed:
No keyword with name 'Init Fixtures' found. Did you mean:
    rf.AddressBook.Init Fixture

Also suite teardown failed:
No keyword with name 'Destroy Fixtures' found. Did you mean:
    rf.AddressBook.Destroy Fixture</status>
</suite>
<statistics>
<total>
<stat pass="0" fail="2" skip="0">All Tests</stat>
</total>
<tag>
</tag>
<suite>
<stat name="Group Scenarios" id="s1" pass="0" fail="2" skip="0">Group Scenarios</stat>
</suite>
</statistics>
<errors>
</errors>
</robot>
