<?xml version="1.0" encoding="UTF-8"?>
<robot generator="Robot 7.3.2 (Python 3.9.0 on win32)" generated="2025-08-17T22:48:51.905270" rpa="false" schemaversion="5">
<suite id="s1" name="Contact Scenarios" source="C:\Users\AMD\PycharmProjects\python_training\rf\contact_scenarios.robot">
<kw name="Init Fixture" owner="rf.AddressBook" type="SETUP">
<status status="PASS" start="2025-08-17T22:48:52.226274" elapsed="3.266120"/>
</kw>
<test id="s1-t1" name="Add new contact" line="8">
<kw name="Get Contact List" owner="rf.AddressBook">
<msg time="2025-08-17T22:48:55.497394" level="INFO">${old_list} = [572:11:1111:11, 573:222:222222:222]</msg>
<var>${old_list}</var>
<status status="PASS" start="2025-08-17T22:48:55.495394" elapsed="0.002000"/>
</kw>
<kw name="New Contact" owner="rf.AddressBook">
<msg time="2025-08-17T22:48:55.498390" level="INFO">${contact} = None:firstname1:lastname1homephone1:email1</msg>
<var>${contact}</var>
<arg>firstname1</arg>
<arg>middlename1</arg>
<arg>lastname1</arg>
<arg>nickname1</arg>
<arg>company1</arg>
<arg>title1</arg>
<arg>address1</arg>
<arg>homephone1</arg>
<arg>mobilephone1</arg>
<arg>workphone1</arg>
<arg>email1</arg>
<arg>email21</arg>
<arg>email31</arg>
<arg>homepage1</arg>
<status status="PASS" start="2025-08-17T22:48:55.498390" elapsed="0.000000"/>
</kw>
<kw name="Create Contact" owner="rf.AddressBook">
<arg>${contact}</arg>
<status status="PASS" start="2025-08-17T22:48:55.499388" elapsed="3.021715"/>
</kw>
<kw name="Get Contact List" owner="rf.AddressBook">
<msg time="2025-08-17T22:48:58.524095" level="INFO">${new_list} = [572:11:1111:11, 573:222:222222:222, 574:firstname1:lastname1homephone1:email1]</msg>
<var>${new_list}</var>
<status status="PASS" start="2025-08-17T22:48:58.522090" elapsed="0.002005"/>
</kw>
<kw name="Append To List" owner="Collections">
<arg>${old_list}</arg>
<arg>${contact}</arg>
<doc>Adds ``values`` to the end of ``list``.</doc>
<status status="PASS" start="2025-08-17T22:48:58.524095" elapsed="0.000992"/>
</kw>
<kw name="Contact Lists Should Be Equal" owner="rf.AddressBook">
<arg>${new_list}</arg>
<arg>${old_list}</arg>
<status status="PASS" start="2025-08-17T22:48:58.525087" elapsed="0.000000"/>
</kw>
<status status="PASS" start="2025-08-17T22:48:55.494390" elapsed="3.030697"/>
</test>
<test id="s1-t2" name="Delete contact" line="16">
<kw name="Get Contact List" owner="rf.AddressBook">
<msg time="2025-08-17T22:48:58.530101" level="INFO">${old_list} = [572:11:1111:11, 573:222:222222:222, 574:firstname1:lastname1homephone1:email1]</msg>
<var>${old_list}</var>
<status status="PASS" start="2025-08-17T22:48:58.528088" elapsed="0.003004"/>
</kw>
<kw name="Get Length" owner="BuiltIn">
<msg time="2025-08-17T22:48:58.532087" level="INFO">Length is 3.</msg>
<msg time="2025-08-17T22:48:58.532087" level="INFO">${len} = 3</msg>
<var>${len}</var>
<arg>${old_list}</arg>
<doc>Returns and logs the length of the given item as an integer.</doc>
<status status="PASS" start="2025-08-17T22:48:58.531092" elapsed="0.000995"/>
</kw>
<kw name="Evaluate" owner="BuiltIn">
<msg time="2025-08-17T22:48:58.533088" level="INFO">${index} = 1</msg>
<var>${index}</var>
<arg>random.randrange(${len})</arg>
<arg>random</arg>
<doc>Evaluates the given expression in Python and returns the result.</doc>
<status status="PASS" start="2025-08-17T22:48:58.532087" elapsed="0.001001"/>
</kw>
<kw name="Get From List" owner="Collections">
<msg time="2025-08-17T22:48:58.533088" level="INFO">${contact} = 573:222:222222:222</msg>
<var>${contact}</var>
<arg>${old_list}</arg>
<arg>${index}</arg>
<doc>Returns the value specified with an ``index`` from ``list``.</doc>
<status status="PASS" start="2025-08-17T22:48:58.533088" elapsed="0.000000"/>
</kw>
<kw name="Delete Contact" owner="rf.AddressBook">
<arg>${contact}</arg>
<status status="PASS" start="2025-08-17T22:48:58.534084" elapsed="0.632542"/>
</kw>
<kw name="Get Contact List" owner="rf.AddressBook">
<msg time="2025-08-17T22:48:59.168618" level="INFO">${new_list} = [572:11:1111:11, 574:firstname1:lastname1homephone1:email1]</msg>
<var>${new_list}</var>
<status status="PASS" start="2025-08-17T22:48:59.167615" elapsed="0.001003"/>
</kw>
<kw name="Remove Values From List" owner="Collections">
<arg>${old_list}</arg>
<arg>${contact}</arg>
<doc>Removes all occurrences of given ``values`` from ``list``.</doc>
<status status="PASS" start="2025-08-17T22:48:59.169615" elapsed="0.000000"/>
</kw>
<kw name="Contact Lists Should Be Equal" owner="rf.AddressBook">
<arg>${new_list}</arg>
<arg>${old_list}</arg>
<status status="PASS" start="2025-08-17T22:48:59.170616" elapsed="0.000000"/>
</kw>
<status status="PASS" start="2025-08-17T22:48:58.527094" elapsed="0.644521"/>
</test>
<test id="s1-t3" name="Modify contact" line="26">
<kw name="Get Contact List" owner="rf.AddressBook">
<msg time="2025-08-17T22:48:59.173613" level="INFO">${old_list} = [572:11:1111:11, 574:firstname1:lastname1homephone1:email1]</msg>
<var>${old_list}</var>
<status status="PASS" start="2025-08-17T22:48:59.172615" elapsed="0.000998"/>
</kw>
<kw name="Get Length" owner="BuiltIn">
<msg time="2025-08-17T22:48:59.174613" level="INFO">Length is 2.</msg>
<msg time="2025-08-17T22:48:59.174613" level="INFO">${len} = 2</msg>
<var>${len}</var>
<arg>${old_list}</arg>
<doc>Returns and logs the length of the given item as an integer.</doc>
<status status="PASS" start="2025-08-17T22:48:59.174613" elapsed="0.000000"/>
</kw>
<kw name="Evaluate" owner="BuiltIn">
<msg time="2025-08-17T22:48:59.175612" level="INFO">${index} = 1</msg>
<var>${index}</var>
<arg>random.randrange(${len})</arg>
<arg>random</arg>
<doc>Evaluates the given expression in Python and returns the result.</doc>
<status status="PASS" start="2025-08-17T22:48:59.174613" elapsed="0.000999"/>
</kw>
<kw name="Get From List" owner="Collections">
<msg time="2025-08-17T22:48:59.175612" level="INFO">${contact} = 574:firstname1:lastname1homephone1:email1</msg>
<var>${contact}</var>
<arg>${old_list}</arg>
<arg>${index}</arg>
<doc>Returns the value specified with an ``index`` from ``list``.</doc>
<status status="PASS" start="2025-08-17T22:48:59.175612" elapsed="0.000000"/>
</kw>
<kw name="Modify Data Contact" owner="rf.AddressBook">
<msg time="2025-08-17T22:48:59.176612" level="INFO">${contact_data} = None:firstnamenew:lastnamenewhomephonenew:emailnew</msg>
<var>${contact_data}</var>
<arg>firstnamenew</arg>
<arg>middlenamenew</arg>
<arg>lastnamenew</arg>
<arg>nicknamenew</arg>
<arg>companynew</arg>
<arg>titlenew</arg>
<arg>addressnew</arg>
<arg>homephonenew</arg>
<arg>mobilephonenew</arg>
<arg>workphonenew</arg>
<arg>emailnew</arg>
<arg>email2new</arg>
<arg>email3new</arg>
<arg>homepagenew</arg>
<status status="PASS" start="2025-08-17T22:48:59.176612" elapsed="0.000000"/>
</kw>
<kw name="Modify Contact" owner="rf.AddressBook">
<arg>${contact}</arg>
<arg>${contact_data}</arg>
<status status="PASS" start="2025-08-17T22:48:59.176612" elapsed="2.950026"/>
</kw>
<kw name="Get Contact List" owner="rf.AddressBook">
<msg time="2025-08-17T22:49:02.128644" level="INFO">${new_list} = [572:11:1111:11, 574:firstnamenew:lastnamenewhomephonenew:emailnew]</msg>
<var>${new_list}</var>
<status status="PASS" start="2025-08-17T22:49:02.127640" elapsed="0.001004"/>
</kw>
<kw name="Set List Value" owner="Collections">
<arg>${old_list}</arg>
<arg>${index}</arg>
<arg>${contact_data}</arg>
<doc>Sets the value of ``list`` specified by ``index`` to the given ``value``.</doc>
<status status="PASS" start="2025-08-17T22:49:02.128644" elapsed="0.000991"/>
</kw>
<kw name="Contact Lists Should Be Equal" owner="rf.AddressBook">
<arg>${new_list}</arg>
<arg>${old_list}</arg>
<status status="PASS" start="2025-08-17T22:49:02.129635" elapsed="0.000000"/>
</kw>
<status status="PASS" start="2025-08-17T22:48:59.172615" elapsed="2.958022"/>
</test>
<kw name="Destroy Fixture" owner="rf.AddressBook" type="TEARDOWN">
<status status="PASS" start="2025-08-17T22:49:02.132646" elapsed="2.293888"/>
</kw>
<status status="PASS" start="2025-08-17T22:48:51.910277" elapsed="12.516257"/>
</suite>
<statistics>
<total>
<stat pass="3" fail="0" skip="0">All Tests</stat>
</total>
<tag>
</tag>
<suite>
<stat name="Contact Scenarios" id="s1" pass="3" fail="0" skip="0">Contact Scenarios</stat>
</suite>
</statistics>
<errors>
</errors>
</robot>
