<?xml version="1.0" encoding="UTF-8"?>
<robot generator="Robot 7.3.2 (Python 3.9.0 on win32)" generated="2025-08-17T23:10:42.301095" rpa="false" schemaversion="5">
<suite id="s1" name="Contact Scenarios" source="C:\Users\AMD\PycharmProjects\python_training\rf\contact_scenarios.robot">
<kw name="Init Fixture" owner="rf.AddressBook" type="SETUP">
<status status="PASS" start="2025-08-17T23:10:42.556100" elapsed="3.433753"/>
</kw>
<test id="s1-t1" name="Add new contact" line="8">
<kw name="Get Contact List" owner="rf.AddressBook">
<msg time="2025-08-17T23:10:45.995862" level="INFO">${old_list} = [581:firstnameOcKCvLon9:lastname6vAFhomephoneYXP:email, 582:firstname:lastnameRKUBtYhomephoneQ7TX:emailSTlh11, 584:firstnamenew:lastnamenewhomephoneCNWe:emailFaC8bH, 585:firstnameg7FbLFvWB:lastnamePUu...</msg>
<var>${old_list}</var>
<status status="PASS" start="2025-08-17T23:10:45.991862" elapsed="0.004000"/>
</kw>
<kw name="New Contact" owner="rf.AddressBook">
<msg time="2025-08-17T23:10:45.997851" level="INFO">${contact} = None:firstname1:lastname1homephone1:email1</msg>
<var>${contact}</var>
<arg>firstname1</arg>
<arg>middlename1</arg>
<arg>lastname1</arg>
<arg>nickname1</arg>
<arg>company1</arg>
<arg>title1</arg>
<arg>address1</arg>
<arg>homephone1</arg>
<arg>mobilephone1</arg>
<arg>workphone1</arg>
<arg>email1</arg>
<arg>email21</arg>
<arg>email31</arg>
<arg>homepage1</arg>
<status status="PASS" start="2025-08-17T23:10:45.996863" elapsed="0.000988"/>
</kw>
<kw name="Create Contact" owner="rf.AddressBook">
<arg>${contact}</arg>
<status status="PASS" start="2025-08-17T23:10:45.998853" elapsed="2.880509"/>
</kw>
<kw name="Get Contact List" owner="rf.AddressBook">
<msg time="2025-08-17T23:10:48.883379" level="INFO">${new_list} = [581:firstnameOcKCvLon9:lastname6vAFhomephoneYXP:email, 582:firstname:lastnameRKUBtYhomephoneQ7TX:emailSTlh11, 584:firstnamenew:lastnamenewhomephoneCNWe:emailFaC8bH, 585:firstnameg7FbLFvWB:lastnamePUu...</msg>
<var>${new_list}</var>
<status status="PASS" start="2025-08-17T23:10:48.880370" elapsed="0.003009"/>
</kw>
<kw name="Append To List" owner="Collections">
<arg>${old_list}</arg>
<arg>${contact}</arg>
<doc>Adds ``values`` to the end of ``list``.</doc>
<status status="PASS" start="2025-08-17T23:10:48.884373" elapsed="0.000993"/>
</kw>
<kw name="Contact Lists Should Be Equal" owner="rf.AddressBook">
<arg>${new_list}</arg>
<arg>${old_list}</arg>
<status status="PASS" start="2025-08-17T23:10:48.886369" elapsed="0.000000"/>
</kw>
<status status="PASS" start="2025-08-17T23:10:45.990856" elapsed="2.895513"/>
</test>
<test id="s1-t2" name="Delete contact" line="16">
<kw name="Get Contact List" owner="rf.AddressBook">
<msg time="2025-08-17T23:10:48.890359" level="INFO">${old_list} = [581:firstnameOcKCvLon9:lastname6vAFhomephoneYXP:email, 582:firstname:lastnameRKUBtYhomephoneQ7TX:emailSTlh11, 584:firstnamenew:lastnamenewhomephoneCNWe:emailFaC8bH, 585:firstnameg7FbLFvWB:lastnamePUu...</msg>
<var>${old_list}</var>
<status status="PASS" start="2025-08-17T23:10:48.888360" elapsed="0.001999"/>
</kw>
<kw name="Get Length" owner="BuiltIn">
<msg time="2025-08-17T23:10:48.890359" level="INFO">Length is 7.</msg>
<msg time="2025-08-17T23:10:48.890359" level="INFO">${len} = 7</msg>
<var>${len}</var>
<arg>${old_list}</arg>
<doc>Returns and logs the length of the given item as an integer.</doc>
<status status="PASS" start="2025-08-17T23:10:48.890359" elapsed="0.000000"/>
</kw>
<kw name="Evaluate" owner="BuiltIn">
<msg time="2025-08-17T23:10:48.893360" level="INFO">${index} = 6</msg>
<var>${index}</var>
<arg>random.randrange(${len})</arg>
<arg>random</arg>
<doc>Evaluates the given expression in Python and returns the result.</doc>
<status status="PASS" start="2025-08-17T23:10:48.892365" elapsed="0.000995"/>
</kw>
<kw name="Get From List" owner="Collections">
<msg time="2025-08-17T23:10:48.894359" level="INFO">${contact} = 588:firstname1:lastname1homephone1:email1</msg>
<var>${contact}</var>
<arg>${old_list}</arg>
<arg>${index}</arg>
<doc>Returns the value specified with an ``index`` from ``list``.</doc>
<status status="PASS" start="2025-08-17T23:10:48.893360" elapsed="0.000999"/>
</kw>
<kw name="Delete Contact" owner="rf.AddressBook">
<arg>${contact}</arg>
<status status="PASS" start="2025-08-17T23:10:48.894359" elapsed="0.738344"/>
</kw>
<kw name="Get Contact List" owner="rf.AddressBook">
<msg time="2025-08-17T23:10:49.635691" level="INFO">${new_list} = [581:firstnameOcKCvLon9:lastname6vAFhomephoneYXP:email, 582:firstname:lastnameRKUBtYhomephoneQ7TX:emailSTlh11, 584:firstnamenew:lastnamenewhomephoneCNWe:emailFaC8bH, 585:firstnameg7FbLFvWB:lastnamePUu...</msg>
<var>${new_list}</var>
<status status="PASS" start="2025-08-17T23:10:49.633698" elapsed="0.001993"/>
</kw>
<kw name="Remove Values From List" owner="Collections">
<arg>${old_list}</arg>
<arg>${contact}</arg>
<doc>Removes all occurrences of given ``values`` from ``list``.</doc>
<status status="PASS" start="2025-08-17T23:10:49.636695" elapsed="0.000000"/>
</kw>
<kw name="Contact Lists Should Be Equal" owner="rf.AddressBook">
<arg>${new_list}</arg>
<arg>${old_list}</arg>
<status status="PASS" start="2025-08-17T23:10:49.637691" elapsed="0.000000"/>
</kw>
<status status="PASS" start="2025-08-17T23:10:48.888360" elapsed="0.749331"/>
</test>
<test id="s1-t3" name="Modify contact" line="26">
<kw name="Get Contact List" owner="rf.AddressBook">
<msg time="2025-08-17T23:10:49.642688" level="INFO">${old_list} = [581:firstnameOcKCvLon9:lastname6vAFhomephoneYXP:email, 582:firstname:lastnameRKUBtYhomephoneQ7TX:emailSTlh11, 584:firstnamenew:lastnamenewhomephoneCNWe:emailFaC8bH, 585:firstnameg7FbLFvWB:lastnamePUu...</msg>
<var>${old_list}</var>
<status status="PASS" start="2025-08-17T23:10:49.640687" elapsed="0.002001"/>
</kw>
<kw name="Get Length" owner="BuiltIn">
<msg time="2025-08-17T23:10:49.644689" level="INFO">Length is 6.</msg>
<msg time="2025-08-17T23:10:49.644689" level="INFO">${len} = 6</msg>
<var>${len}</var>
<arg>${old_list}</arg>
<doc>Returns and logs the length of the given item as an integer.</doc>
<status status="PASS" start="2025-08-17T23:10:49.643701" elapsed="0.000988"/>
</kw>
<kw name="Evaluate" owner="BuiltIn">
<msg time="2025-08-17T23:10:49.645687" level="INFO">${index} = 5</msg>
<var>${index}</var>
<arg>random.randrange(${len})</arg>
<arg>random</arg>
<doc>Evaluates the given expression in Python and returns the result.</doc>
<status status="PASS" start="2025-08-17T23:10:49.645687" elapsed="0.000000"/>
</kw>
<kw name="Get From List" owner="Collections">
<msg time="2025-08-17T23:10:49.646686" level="INFO">${contact} = 587:firstname1:lastname1homephone1:email1</msg>
<var>${contact}</var>
<arg>${old_list}</arg>
<arg>${index}</arg>
<doc>Returns the value specified with an ``index`` from ``list``.</doc>
<status status="PASS" start="2025-08-17T23:10:49.646686" elapsed="0.000000"/>
</kw>
<kw name="Data Contact" owner="rf.AddressBook">
<msg time="2025-08-17T23:10:49.646686" level="INFO">${contact_data} = None:firstnamenew:lastnamenewNone:None</msg>
<var>${contact_data}</var>
<arg>firstnamenew</arg>
<arg>lastnamenew</arg>
<status status="PASS" start="2025-08-17T23:10:49.646686" elapsed="0.000000"/>
</kw>
<kw name="Modify Contact" owner="rf.AddressBook">
<arg>${contact}</arg>
<arg>${contact_data}</arg>
<status status="PASS" start="2025-08-17T23:10:49.647683" elapsed="1.334467"/>
</kw>
<kw name="Get Contact List" owner="rf.AddressBook">
<msg time="2025-08-17T23:10:50.987152" level="INFO">${new_list} = [581:firstnameOcKCvLon9:lastname6vAFhomephoneYXP:email, 582:firstname:lastnameRKUBtYhomephoneQ7TX:emailSTlh11, 584:firstnamenew:lastnamenewhomephoneCNWe:emailFaC8bH, 585:firstnameg7FbLFvWB:lastnamePUu...</msg>
<var>${new_list}</var>
<status status="PASS" start="2025-08-17T23:10:50.983139" elapsed="0.004013"/>
</kw>
<kw name="Set List Value" owner="Collections">
<arg>${old_list}</arg>
<arg>${index}</arg>
<arg>${contact_data}</arg>
<doc>Sets the value of ``list`` specified by ``index`` to the given ``value``.</doc>
<status status="PASS" start="2025-08-17T23:10:50.988143" elapsed="0.000000"/>
</kw>
<kw name="Contact Lists Should Be Equal" owner="rf.AddressBook">
<arg>${new_list}</arg>
<arg>${old_list}</arg>
<status status="PASS" start="2025-08-17T23:10:50.989146" elapsed="0.000996"/>
</kw>
<status status="PASS" start="2025-08-17T23:10:49.639687" elapsed="1.350455"/>
</test>
<kw name="Destroy Fixture" owner="rf.AddressBook" type="TEARDOWN">
<status status="PASS" start="2025-08-17T23:10:50.993141" elapsed="2.289185"/>
</kw>
<status status="PASS" start="2025-08-17T23:10:42.304101" elapsed="10.978225"/>
</suite>
<statistics>
<total>
<stat pass="3" fail="0" skip="0">All Tests</stat>
</total>
<tag>
</tag>
<suite>
<stat name="Contact Scenarios" id="s1" pass="3" fail="0" skip="0">Contact Scenarios</stat>
</suite>
</statistics>
<errors>
</errors>
</robot>
