<?xml version="1.0" encoding="UTF-8"?>
<robot generator="Robot 7.3.2 (Python 3.9.0 on win32)" generated="2025-08-17T15:19:38.240057" rpa="false" schemaversion="5">
<suite id="s1" name="Group Scenarios" source="C:\Users\AMD\PycharmProjects\python_training\rf\group_scenarios.robot">
<kw name="Init Fixtures" type="SETUP">
<msg time="2025-08-17T15:19:38.305056" level="FAIL">No keyword with name 'Init Fixtures' found.</msg>
<status status="FAIL" start="2025-08-17T15:19:38.305056" elapsed="0.000000">No keyword with name 'Init Fixtures' found.</status>
</kw>
<test id="s1-t1" name="Add_new_group" line="8">
<status status="FAIL" start="2025-08-17T15:19:38.305056" elapsed="0.001000">Parent suite setup failed:
No keyword with name 'Init Fixtures' found.</status>
</test>
<test id="s1-t2" name="Delete group" line="16">
<status status="FAIL" start="2025-08-17T15:19:38.308063" elapsed="0.000000">Parent suite setup failed:
No keyword with name 'Init Fixtures' found.</status>
</test>
<kw name="Destroy Fixtures" type="TEARDOWN">
<msg time="2025-08-17T15:19:38.312056" level="FAIL">No keyword with name 'Destroy Fixtures' found.</msg>
<status status="FAIL" start="2025-08-17T15:19:38.312056" elapsed="0.001002">No keyword with name 'Destroy Fixtures' found.</status>
</kw>
<status status="FAIL" start="2025-08-17T15:19:38.242057" elapsed="0.071001">Suite setup failed:
No keyword with name 'Init Fixtures' found.

Also suite teardown failed:
No keyword with name 'Destroy Fixtures' found.</status>
</suite>
<statistics>
<total>
<stat pass="0" fail="2" skip="0">All Tests</stat>
</total>
<tag>
</tag>
<suite>
<stat name="Group Scenarios" id="s1" pass="0" fail="2" skip="0">Group Scenarios</stat>
</suite>
</statistics>
<errors>
<msg time="2025-08-17T15:19:38.280057" level="ERROR">Error in file 'C:\Users\AMD\PycharmProjects\python_training\rf\group_scenarios.robot' on line 2: Importing library 'rf.AddressBook' failed: ModuleNotFoundError: No module named 'rf'
Traceback (most recent call last):
  None
PYTHONPATH:
  C:\Users\AMD\PycharmProjects\python_training\.venv\Scripts\robot.exe
  C:\Users\AMD\AppData\Local\Programs\Python\Python39-32\python39.zip
  C:\Users\AMD\AppData\Local\Programs\Python\Python39-32\DLLs
  C:\Users\AMD\AppData\Local\Programs\Python\Python39-32\lib
  C:\Users\AMD\AppData\Local\Programs\Python\Python39-32
  C:\Users\AMD\PycharmProjects\python_training\.venv
  C:\Users\AMD\PycharmProjects\python_training\.venv\lib\site-packages</msg>
</errors>
</robot>
